TN:
SF:/Users/eirikwiig/Projects/Course/Week10/crowdsource-due-diligence/angular/app/js/app.js
FNF:0
FNH:0
DA:1,1
LF:1
LH:1
BRF:0
BRH:0
end_of_record
TN:
SF:/Users/eirikwiig/Projects/Course/Week10/crowdsource-due-diligence/angular/app/js/controllers/aboutController.js
FN:1,(anonymous_1)
FNF:1
FNH:0
FNDA:0,(anonymous_1)
DA:1,1
DA:2,0
LF:2
LH:1
BRF:0
BRH:0
end_of_record
TN:
SF:/Users/eirikwiig/Projects/Course/Week10/crowdsource-due-diligence/angular/app/js/controllers/dataController.js
FN:1,(anonymous_1)
FN:6,getSearchResult
FN:12,insertHTML
FN:13,(anonymous_4)
FN:20,insertPositiveWordClass
FN:22,(anonymous_6)
FN:28,insertNegativeWordClass
FN:30,(anonymous_8)
FN:36,inserSentimentClass
FNF:9
FNH:0
FNDA:0,(anonymous_1)
FNDA:0,getSearchResult
FNDA:0,insertHTML
FNDA:0,(anonymous_4)
FNDA:0,insertPositiveWordClass
FNDA:0,(anonymous_6)
FNDA:0,insertNegativeWordClass
FNDA:0,(anonymous_8)
FNDA:0,inserSentimentClass
DA:1,1
DA:2,0
DA:4,0
DA:6,1
DA:7,0
DA:8,0
DA:9,0
DA:12,1
DA:13,0
DA:14,0
DA:15,0
DA:16,0
DA:20,1
DA:21,0
DA:22,0
DA:23,0
DA:24,0
DA:28,1
DA:29,0
DA:30,0
DA:31,0
DA:32,0
DA:36,1
DA:37,0
DA:38,0
LF:25
LH:6
BRF:0
BRH:0
end_of_record
TN:
SF:/Users/eirikwiig/Projects/Course/Week10/crowdsource-due-diligence/angular/app/js/controllers/searchController.js
FN:2,(anonymous_1)
FN:11,(anonymous_2)
FN:16,(anonymous_3)
FN:22,(anonymous_4)
FN:23,(anonymous_5)
FN:29,(anonymous_6)
FN:33,(anonymous_7)
FN:38,(anonymous_8)
FN:42,(anonymous_9)
FN:52,(anonymous_10)
FNF:10
FNH:0
FNDA:0,(anonymous_1)
FNDA:0,(anonymous_2)
FNDA:0,(anonymous_3)
FNDA:0,(anonymous_4)
FNDA:0,(anonymous_5)
FNDA:0,(anonymous_6)
FNDA:0,(anonymous_7)
FNDA:0,(anonymous_8)
FNDA:0,(anonymous_9)
FNDA:0,(anonymous_10)
DA:2,1
DA:3,0
DA:4,0
DA:5,0
DA:6,0
DA:8,0
DA:11,0
DA:12,0
DA:13,0
DA:16,0
DA:17,0
DA:20,0
DA:22,0
DA:23,0
DA:24,0
DA:25,0
DA:29,0
DA:30,0
DA:33,0
DA:34,0
DA:35,0
DA:38,0
DA:39,0
DA:42,0
DA:43,0
DA:44,0
DA:45,0
DA:46,0
DA:48,0
DA:52,0
DA:53,0
DA:54,0
DA:57,0
DA:58,0
LF:34
LH:1
BRDA:13,1,0,0
BRDA:13,1,1,0
BRDA:43,2,0,0
BRDA:43,2,1,0
BRDA:45,3,0,0
BRDA:45,3,1,0
BRF:6
BRH:0
end_of_record
TN:
SF:/Users/eirikwiig/Projects/Course/Week10/crowdsource-due-diligence/angular/app/js/controllers/specificSearchController.js
FN:1,(anonymous_1)
FN:4,(anonymous_2)
FNF:2
FNH:0
FNDA:0,(anonymous_1)
FNDA:0,(anonymous_2)
DA:1,1
DA:4,0
DA:5,0
DA:6,0
DA:7,0
LF:5
LH:1
BRF:0
BRH:0
end_of_record
TN:
SF:/Users/eirikwiig/Projects/Course/Week10/crowdsource-due-diligence/angular/app/js/controllers/trendsController.js
FN:1,(anonymous_1)
FN:7,resetData
FN:15,getResults
FN:19,(anonymous_4)
FN:22,(anonymous_5)
FN:23,(anonymous_6)
FN:25,(anonymous_7)
FN:28,(anonymous_8)
FNF:8
FNH:0
FNDA:0,(anonymous_1)
FNDA:0,resetData
FNDA:0,getResults
FNDA:0,(anonymous_4)
FNDA:0,(anonymous_5)
FNDA:0,(anonymous_6)
FNDA:0,(anonymous_7)
FNDA:0,(anonymous_8)
DA:1,1
DA:3,0
DA:5,0
DA:7,1
DA:8,0
DA:11,0
DA:12,0
DA:13,0
DA:15,1
DA:16,0
DA:17,0
DA:18,0
DA:19,0
DA:20,0
DA:21,0
DA:22,0
DA:24,0
DA:25,0
DA:26,0
DA:28,0
DA:29,0
DA:30,0
DA:31,0
DA:38,0
LF:24
LH:3
BRDA:20,1,0,0
BRDA:20,1,1,0
BRDA:24,2,0,0
BRDA:24,2,1,0
BRF:4
BRH:0
end_of_record
TN:
SF:/Users/eirikwiig/Projects/Course/Week10/crowdsource-due-diligence/angular/app/js/factories/datesFactory.js
FN:1,(anonymous_1)
FN:4,(anonymous_2)
FNF:2
FNH:0
FNDA:0,(anonymous_1)
FNDA:0,(anonymous_2)
DA:1,1
DA:3,0
DA:5,0
DA:6,0
DA:7,0
DA:8,0
DA:9,0
DA:10,0
DA:11,0
DA:12,0
DA:13,0
DA:14,0
DA:15,0
DA:16,0
DA:18,0
LF:15
LH:1
BRDA:14,1,0,0
BRDA:14,1,1,0
BRDA:15,2,0,0
BRDA:15,2,1,0
BRF:4
BRH:0
end_of_record
TN:
SF:/Users/eirikwiig/Projects/Course/Week10/crowdsource-due-diligence/angular/app/js/factories/searchFactory.js
FN:1,(anonymous_1)
FN:4,(anonymous_2)
FNF:2
FNH:0
FNDA:0,(anonymous_1)
FNDA:0,(anonymous_2)
DA:1,1
DA:3,0
DA:5,0
DA:6,0
DA:10,0
LF:5
LH:1
BRF:0
BRH:0
end_of_record
TN:
SF:/Users/eirikwiig/Projects/Course/Week10/crowdsource-due-diligence/angular/app/js/factories/sentimentTrendsFactory.js
FN:1,(anonymous_1)
FN:33,resetPromises
FN:37,getResults
FN:44,setSearchTerm
FN:48,getSearchTerm
FN:52,setSearchResult
FN:56,getSearchResult
FN:60,callFactory
FN:61,(anonymous_9)
FN:69,makeParams
FNF:10
FNH:0
FNDA:0,(anonymous_1)
FNDA:0,resetPromises
FNDA:0,getResults
FNDA:0,setSearchTerm
FNDA:0,getSearchTerm
FNDA:0,setSearchResult
FNDA:0,getSearchResult
FNDA:0,callFactory
FNDA:0,(anonymous_9)
FNDA:0,makeParams
DA:1,1
DA:3,0
DA:4,0
DA:5,0
DA:6,0
DA:8,0
DA:12,0
DA:20,0
DA:31,0
DA:33,1
DA:34,0
DA:37,1
DA:38,0
DA:39,0
DA:40,0
DA:41,0
DA:44,1
DA:45,0
DA:48,1
DA:49,0
DA:52,1
DA:53,0
DA:56,1
DA:57,0
DA:60,1
DA:61,0
DA:62,0
DA:63,0
DA:64,0
DA:65,0
DA:69,1
DA:70,0
DA:71,0
DA:72,0
DA:73,0
DA:74,0
DA:75,0
DA:76,0
DA:77,0
DA:79,0
LF:40
LH:9
BRF:0
BRH:0
end_of_record
TN:
SF:/Users/eirikwiig/Projects/Course/Week10/crowdsource-due-diligence/angular/app/js/routes.js
FN:2,(anonymous_1)
FNF:1
FNH:0
FNDA:0,(anonymous_1)
DA:1,1
DA:3,0
LF:2
LH:1
BRF:0
BRH:0
end_of_record
