TN:
SF:/Users/eirikwiig/Projects/Course/Week10/crowdsource-due-diligence/angular/app/js/app.js
FNF:0
FNH:0
DA:1,1
LF:1
LH:1
BRF:0
BRH:0
end_of_record
TN:
SF:/Users/eirikwiig/Projects/Course/Week10/crowdsource-due-diligence/angular/app/js/controllers/aboutController.js
FN:1,(anonymous_1)
FNF:1
FNH:0
FNDA:0,(anonymous_1)
DA:1,1
DA:2,0
LF:2
LH:1
BRF:0
BRH:0
end_of_record
TN:
SF:/Users/eirikwiig/Projects/Course/Week10/crowdsource-due-diligence/angular/app/js/controllers/dataController.js
FN:1,(anonymous_1)
FN:6,getSearchResult
FN:12,insertHTML
FN:13,(anonymous_4)
FN:20,insertPositiveWordClass
FN:22,(anonymous_6)
FN:28,insertNegativeWordClass
FN:30,(anonymous_8)
FN:36,inserSentimentClass
FNF:9
FNH:9
FNDA:5,(anonymous_1)
FNDA:5,getSearchResult
FNDA:5,insertHTML
FNDA:15,(anonymous_4)
FNDA:15,insertPositiveWordClass
FNDA:15,(anonymous_6)
FNDA:15,insertNegativeWordClass
FNDA:20,(anonymous_8)
FNDA:15,inserSentimentClass
DA:1,1
DA:2,5
DA:4,5
DA:6,1
DA:7,5
DA:8,5
DA:9,5
DA:12,1
DA:13,5
DA:14,15
DA:15,15
DA:16,15
DA:20,1
DA:21,15
DA:22,15
DA:23,15
DA:24,15
DA:28,1
DA:29,15
DA:30,15
DA:31,20
DA:32,20
DA:36,1
DA:37,15
DA:38,15
LF:25
LH:25
BRF:0
BRH:0
end_of_record
TN:
SF:/Users/eirikwiig/Projects/Course/Week10/crowdsource-due-diligence/angular/app/js/controllers/searchController.js
FN:2,(anonymous_1)
FN:10,(anonymous_2)
FN:15,(anonymous_3)
FN:21,(anonymous_4)
FN:22,(anonymous_5)
FN:28,(anonymous_6)
FN:32,(anonymous_7)
FN:36,(anonymous_8)
FN:46,(anonymous_9)
FN:51,(anonymous_10)
FNF:10
FNH:9
FNDA:15,(anonymous_1)
FNDA:15,(anonymous_2)
FNDA:4,(anonymous_3)
FNDA:2,(anonymous_4)
FNDA:1,(anonymous_5)
FNDA:0,(anonymous_6)
FNDA:1,(anonymous_7)
FNDA:7,(anonymous_8)
FNDA:3,(anonymous_9)
FNDA:3,(anonymous_10)
DA:2,1
DA:3,15
DA:4,15
DA:5,15
DA:6,15
DA:8,15
DA:10,15
DA:11,15
DA:12,15
DA:15,15
DA:16,4
DA:19,15
DA:21,15
DA:22,2
DA:23,1
DA:24,1
DA:28,15
DA:29,0
DA:32,15
DA:33,1
DA:36,15
DA:37,7
DA:38,2
DA:39,5
DA:40,2
DA:42,3
DA:46,15
DA:47,3
DA:48,3
DA:51,15
DA:52,3
DA:58,15
DA:59,15
LF:33
LH:32
BRDA:12,1,0,0
BRDA:12,1,1,15
BRDA:37,2,0,2
BRDA:37,2,1,5
BRDA:39,3,0,2
BRDA:39,3,1,3
BRF:6
BRH:5
end_of_record
TN:
SF:/Users/eirikwiig/Projects/Course/Week10/crowdsource-due-diligence/angular/app/js/controllers/specificSearchController.js
FN:1,(anonymous_1)
FN:4,(anonymous_2)
FNF:2
FNH:0
FNDA:0,(anonymous_1)
FNDA:0,(anonymous_2)
DA:1,1
DA:4,0
DA:5,0
DA:6,0
DA:7,0
LF:5
LH:1
BRF:0
BRH:0
end_of_record
TN:
SF:/Users/eirikwiig/Projects/Course/Week10/crowdsource-due-diligence/angular/app/js/controllers/trendsController.js
FN:1,(anonymous_1)
FN:10,resetData
FN:14,getResults
FN:18,(anonymous_4)
FN:21,(anonymous_5)
FN:23,(anonymous_6)
FN:25,(anonymous_7)
FN:28,(anonymous_8)
FNF:8
FNH:4
FNDA:3,(anonymous_1)
FNDA:3,resetData
FNDA:3,getResults
FNDA:3,(anonymous_4)
FNDA:0,(anonymous_5)
FNDA:0,(anonymous_6)
FNDA:0,(anonymous_7)
FNDA:0,(anonymous_8)
DA:1,1
DA:3,3
DA:5,3
DA:6,3
DA:7,3
DA:8,3
DA:10,1
DA:11,3
DA:14,1
DA:15,3
DA:16,3
DA:17,3
DA:18,3
DA:19,3
DA:20,3
DA:21,3
DA:22,0
DA:24,0
DA:25,0
DA:26,0
DA:28,0
DA:29,0
DA:30,0
DA:31,0
DA:38,3
LF:25
LH:17
BRDA:19,1,0,3
BRDA:19,1,1,0
BRDA:24,2,0,0
BRDA:24,2,1,0
BRF:4
BRH:1
end_of_record
TN:
SF:/Users/eirikwiig/Projects/Course/Week10/crowdsource-due-diligence/angular/app/js/factories/datesFactory.js
FN:1,(anonymous_1)
FN:4,(anonymous_2)
FNF:2
FNH:2
FNDA:1,(anonymous_1)
FNDA:1,(anonymous_2)
DA:1,1
DA:3,1
DA:5,1
DA:6,1
DA:7,1
DA:8,1
DA:9,1
DA:10,1
DA:11,1
DA:12,1
DA:13,1
DA:14,1
DA:15,1
DA:16,1
DA:18,1
LF:15
LH:15
BRDA:14,1,0,0
BRDA:14,1,1,1
BRDA:15,2,0,1
BRDA:15,2,1,0
BRF:4
BRH:2
end_of_record
TN:
SF:/Users/eirikwiig/Projects/Course/Week10/crowdsource-due-diligence/angular/app/js/factories/searchFactory.js
FN:1,(anonymous_1)
FN:4,(anonymous_2)
FNF:2
FNH:2
FNDA:2,(anonymous_1)
FNDA:2,(anonymous_2)
DA:1,1
DA:3,2
DA:5,2
DA:6,2
DA:10,2
LF:5
LH:5
BRF:0
BRH:0
end_of_record
TN:
SF:/Users/eirikwiig/Projects/Course/Week10/crowdsource-due-diligence/angular/app/js/factories/sentimentTrendsFactory.js
FN:1,(anonymous_1)
FN:33,resetPromises
FN:37,getResults
FN:44,setSearchTerm
FN:48,getSearchTerm
FN:52,setSearchResult
FN:56,getSearchResult
FN:60,callFactory
FN:61,(anonymous_9)
FN:69,makeParams
FNF:10
FNH:8
FNDA:8,(anonymous_1)
FNDA:2,resetPromises
FNDA:2,getResults
FNDA:1,setSearchTerm
FNDA:17,getSearchTerm
FNDA:0,setSearchResult
FNDA:0,getSearchResult
FNDA:2,callFactory
FNDA:6,(anonymous_9)
FNDA:5,makeParams
DA:1,1
DA:3,8
DA:4,8
DA:5,8
DA:6,8
DA:8,8
DA:12,8
DA:20,8
DA:31,8
DA:33,1
DA:34,2
DA:37,1
DA:38,2
DA:39,2
DA:40,2
DA:41,2
DA:44,1
DA:45,1
DA:48,1
DA:49,17
DA:52,1
DA:53,0
DA:56,1
DA:57,0
DA:60,1
DA:61,2
DA:62,6
DA:63,6
DA:64,6
DA:65,6
DA:69,1
DA:70,5
DA:71,5
DA:72,5
DA:73,5
DA:74,15
DA:75,15
DA:76,15
DA:77,15
DA:79,5
LF:40
LH:38
BRF:0
BRH:0
end_of_record
TN:
SF:/Users/eirikwiig/Projects/Course/Week10/crowdsource-due-diligence/angular/app/js/routes.js
FN:2,(anonymous_1)
FNF:1
FNH:1
FNDA:34,(anonymous_1)
DA:1,1
DA:3,34
LF:2
LH:2
BRF:0
BRH:0
end_of_record
